Cleaning dir: ./designers
Cleaned dir: ./designers
"./designers" was created.
"./designers/_designers_2" was created.
"./designers/_designers_1" was created.
No description: http://www.trollbeads.com/germany/de-de/designers/1
"./designers/_designers_3" was created.
"./designers/_designers_4" was created.
"./designers/_designers_5" was created.
"./designers/_designers_6" was created.
"./designers/_designers_7" was created.
"./designers/_designers_8" was created.
"./designers/_designers_9" was created.
"./designers/_designers_10" was created.
"./designers/_designers_11" was created.
"./designers/_designers_12" was created.
"./designers/_designers_13" was created.
"./designers/_designers_14" was created.
"./designers/_designers_15" was created.
"./designers/_designers_16" was created.
"./designers/_designers_17" was created.
"./designers/_designers_18" was created.
"./designers/_designers_19" was created.
"./designers/_designers_20" was created.
"./designers/_designers_21" was created.
"./designers/_designers_22" was created.
"./designers/_designers_24" was created.
"./designers/_designers_25" was created.
"./designers/_designers_26" was created.
"./designers/_designers_27" was created.
"./designers/_designers_28" was created.
"./designers/_designers_29" was created.
"./designers/_designers_30" was created.
"./designers/_designers_31" was created.
"./designers/_designers_32" was created.
No description: http://www.trollbeads.com/lithuania/lt-lt/designers/32
"./designers/_designers_33" was created.
"./designers/_designers_34" was created.
"./designers/_designers_35" was created.
"./designers/_designers_36" was created.
"./designers/_designers_37" was created.
"./designers/_designers_38" was created.
"./designers/_designers_39" was created.
"./designers/_designers_40" was created.
"./designers/_designers_41" was created.
"./designers/_designers_42" was created.
"./designers/_designers_43" was created.
"./designers/_designers_44" was created.
"./designers/_designers_45" was created.
"./designers/_designers_46" was created.
"./designers/_designers_47" was created.
Failed to open: http://www.trollbeads.com/japan/ja-jp/designers/47
"./designers/_designers_48" was created.
"./designers/_designers_49" was created.
"./designers/_designers_50" was created.
"./designers/_designers_51" was created.
No description: http://www.trollbeads.com/germany/de-de/designers/51
"./designers/_designers_52" was created.
"./designers/_designers_53" was created.
"./designers/_designers_54" was created.
"./designers/_designers_55" was created.
"./designers/_designers_56" was created.
"./designers/_designers_57" was created.
"./designers/_designers_58" was created.
"./designers/_designers_59" was created.
"./designers/_designers_61" was created.
"./designers/_designers_60" was created.
"./designers/_designers_62" was created.
"./designers/_designers_63" was created.
"./designers/_designers_64" was created.
"./designers/_designers_65" was created.
"./designers/_designers_66" was created.
"./designers/_designers_67" was created.
"./designers/_designers_68" was created.
"./designers/_designers_69" was created.
"./designers/_designers_70" was created.
"./designers/_designers_71" was created.
"./designers/_designers_75" was created.
"./designers/_designers_72" was created.
"./designers/_designers_76" was created.
"./designers/_designers_79" was created.
"./designers/_designers_80" was created.
"./designers/_designers_81" was created.
"./designers/_designers_82" was created.
"./designers/_designers_83" was created.
"./designers/_designers_84" was created.
"./designers/_designers_85" was created.
"./designers/_designers_86" was created.
"./designers/_designers_87" was created.
"./designers/_designers_88" was created.
"./designers/_designers_89" was created.
"./designers/_designers_90" was created.
"./designers/_designers_91" was created.
"./designers/_designers_92" was created.
"./designers/_designers_94" was created.
"./designers/_designers_96" was created.
"./designers/_designers_93" was created.
"./designers/_designers_95" was created.
"./designers/_designers_73" was created.
"./designers/_designers_97" was created.
"./designers/_designers_98" was created.
No description: http://www.trollbeads.com/italy/it-it/designers/98
Failed to open: http://www.trollbeads.com/south-korea/ko-kr/designers/98
No description: http://www.trollbeads.com/spain/es-es/designers/98
